Analysis & Synthesis report for Lab4
Tue Mar  5 23:50:11 2024
Quartus Prime Version 23.1std.0 Build 991 11/28/2023 SC Lite Edition


---------------------
; Table of Contents ;
---------------------
  1. Legal Notice
  2. Analysis & Synthesis Summary
  3. Analysis & Synthesis Settings
  4. Parallel Compilation
  5. Analysis & Synthesis Source Files Read
  6. Analysis & Synthesis Resource Usage Summary
  7. Analysis & Synthesis Resource Utilization by Entity
  8. Registers Removed During Synthesis
  9. Removed Registers Triggering Further Register Optimizations
 10. General Register Statistics
 11. Multiplexer Restructuring Statistics (Restructuring Performed)
 12. Parameter Settings for User Entity Instance: counter:single_clock
 13. Parameter Settings for User Entity Instance: counter:single_clock|d_flipflop:dff
 14. Parameter Settings for User Entity Instance: register_file:reg_file|d_flipflop:register0
 15. Parameter Settings for User Entity Instance: register_file:reg_file|d_flipflop:register1
 16. Parameter Settings for User Entity Instance: register_file:reg_file|d_flipflop:register2
 17. Parameter Settings for User Entity Instance: register_file:reg_file|d_flipflop:register3
 18. Parameter Settings for User Entity Instance: register_file:reg_file|d_flipflop:register4
 19. Parameter Settings for User Entity Instance: register_file:reg_file|d_flipflop:register5
 20. Parameter Settings for User Entity Instance: register_file:reg_file|d_flipflop:register6
 21. Parameter Settings for User Entity Instance: register_file:reg_file|d_flipflop:register7
 22. Parameter Settings for User Entity Instance: program_counter:PC|d_flipflop:myDff
 23. Port Connectivity Checks: "hexDisp:hex_display3"
 24. Port Connectivity Checks: "hexDisp:hex_display2"
 25. Port Connectivity Checks: "hexDisp:hex_display1"
 26. Port Connectivity Checks: "hexDisp:hex_display0"
 27. Port Connectivity Checks: "program_counter:PC|d_flipflop:myDff"
 28. Port Connectivity Checks: "program_counter:PC"
 29. Port Connectivity Checks: "register_file:reg_file"
 30. Port Connectivity Checks: "counter:single_clock|d_flipflop:dff"
 31. Port Connectivity Checks: "counter:single_clock"
 32. Post-Synthesis Netlist Statistics for Top Partition
 33. Elapsed Time Per Partition
 34. Analysis & Synthesis Messages



----------------
; Legal Notice ;
----------------
Copyright (C) 2023  Intel Corporation. All rights reserved.
Your use of Intel Corporation's design tools, logic functions 
and other software and tools, and any partner logic 
functions, and any output files from any of the foregoing 
(including device programming or simulation files), and any 
associated documentation or information are expressly subject 
to the terms and conditions of the Intel Program License 
Subscription Agreement, the Intel Quartus Prime License Agreement,
the Intel FPGA IP License Agreement, or other applicable license
agreement, including, without limitation, that your use is for
the sole purpose of programming logic devices manufactured by
Intel and sold by Intel or its authorized distributors.  Please
refer to the applicable agreement for further details, at
https://fpgasoftware.intel.com/eula.



+----------------------------------------------------------------------------------+
; Analysis & Synthesis Summary                                                     ;
+---------------------------------+------------------------------------------------+
; Analysis & Synthesis Status     ; Successful - Tue Mar  5 23:50:11 2024          ;
; Quartus Prime Version           ; 23.1std.0 Build 991 11/28/2023 SC Lite Edition ;
; Revision Name                   ; Lab4                                           ;
; Top-level Entity Name           ; Lab4                                           ;
; Family                          ; Cyclone V                                      ;
; Logic utilization (in ALMs)     ; N/A                                            ;
; Total registers                 ; 0                                              ;
; Total pins                      ; 46                                             ;
; Total virtual pins              ; 0                                              ;
; Total block memory bits         ; 0                                              ;
; Total DSP Blocks                ; 0                                              ;
; Total HSSI RX PCSs              ; 0                                              ;
; Total HSSI PMA RX Deserializers ; 0                                              ;
; Total HSSI TX PCSs              ; 0                                              ;
; Total HSSI PMA TX Serializers   ; 0                                              ;
; Total PLLs                      ; 0                                              ;
; Total DLLs                      ; 0                                              ;
+---------------------------------+------------------------------------------------+


+---------------------------------------------------------------------------------------------------------------------------+
; Analysis & Synthesis Settings                                                                                             ;
+---------------------------------------------------------------------------------+--------------------+--------------------+
; Option                                                                          ; Setting            ; Default Value      ;
+---------------------------------------------------------------------------------+--------------------+--------------------+
; Device                                                                          ; 5CEBA4F23C7        ;                    ;
; Top-level entity name                                                           ; Lab4               ; Lab4               ;
; Family name                                                                     ; Cyclone V          ; Cyclone V          ;
; Use smart compilation                                                           ; Off                ; Off                ;
; Enable parallel Assembler and Timing Analyzer during compilation                ; On                 ; On                 ;
; Enable compact report table                                                     ; Off                ; Off                ;
; Restructure Multiplexers                                                        ; Auto               ; Auto               ;
; MLAB Add Timing Constraints For Mixed-Port Feed-Through Mode Setting Don't Care ; Off                ; Off                ;
; Create Debugging Nodes for IP Cores                                             ; Off                ; Off                ;
; Preserve fewer node names                                                       ; On                 ; On                 ;
; Intel FPGA IP Evaluation Mode                                                   ; Enable             ; Enable             ;
; Verilog Version                                                                 ; Verilog_2001       ; Verilog_2001       ;
; VHDL Version                                                                    ; VHDL_1993          ; VHDL_1993          ;
; State Machine Processing                                                        ; Auto               ; Auto               ;
; Safe State Machine                                                              ; Off                ; Off                ;
; Extract Verilog State Machines                                                  ; On                 ; On                 ;
; Extract VHDL State Machines                                                     ; On                 ; On                 ;
; Ignore Verilog initial constructs                                               ; Off                ; Off                ;
; Iteration limit for constant Verilog loops                                      ; 5000               ; 5000               ;
; Iteration limit for non-constant Verilog loops                                  ; 250                ; 250                ;
; Add Pass-Through Logic to Inferred RAMs                                         ; On                 ; On                 ;
; Infer RAMs from Raw Logic                                                       ; On                 ; On                 ;
; Parallel Synthesis                                                              ; On                 ; On                 ;
; DSP Block Balancing                                                             ; Auto               ; Auto               ;
; NOT Gate Push-Back                                                              ; On                 ; On                 ;
; Power-Up Don't Care                                                             ; On                 ; On                 ;
; Remove Redundant Logic Cells                                                    ; Off                ; Off                ;
; Remove Duplicate Registers                                                      ; On                 ; On                 ;
; Ignore CARRY Buffers                                                            ; Off                ; Off                ;
; Ignore CASCADE Buffers                                                          ; Off                ; Off                ;
; Ignore GLOBAL Buffers                                                           ; Off                ; Off                ;
; Ignore ROW GLOBAL Buffers                                                       ; Off                ; Off                ;
; Ignore LCELL Buffers                                                            ; Off                ; Off                ;
; Ignore SOFT Buffers                                                             ; On                 ; On                 ;
; Limit AHDL Integers to 32 Bits                                                  ; Off                ; Off                ;
; Optimization Technique                                                          ; Balanced           ; Balanced           ;
; Carry Chain Length                                                              ; 70                 ; 70                 ;
; Auto Carry Chains                                                               ; On                 ; On                 ;
; Auto Open-Drain Pins                                                            ; On                 ; On                 ;
; Perform WYSIWYG Primitive Resynthesis                                           ; Off                ; Off                ;
; Auto ROM Replacement                                                            ; On                 ; On                 ;
; Auto RAM Replacement                                                            ; On                 ; On                 ;
; Auto DSP Block Replacement                                                      ; On                 ; On                 ;
; Auto Shift Register Replacement                                                 ; Auto               ; Auto               ;
; Allow Shift Register Merging across Hierarchies                                 ; Auto               ; Auto               ;
; Auto Clock Enable Replacement                                                   ; On                 ; On                 ;
; Strict RAM Replacement                                                          ; Off                ; Off                ;
; Allow Synchronous Control Signals                                               ; On                 ; On                 ;
; Force Use of Synchronous Clear Signals                                          ; Off                ; Off                ;
; Auto Resource Sharing                                                           ; Off                ; Off                ;
; Allow Any RAM Size For Recognition                                              ; Off                ; Off                ;
; Allow Any ROM Size For Recognition                                              ; Off                ; Off                ;
; Allow Any Shift Register Size For Recognition                                   ; Off                ; Off                ;
; Use LogicLock Constraints during Resource Balancing                             ; On                 ; On                 ;
; Ignore translate_off and synthesis_off directives                               ; Off                ; Off                ;
; Timing-Driven Synthesis                                                         ; On                 ; On                 ;
; Report Parameter Settings                                                       ; On                 ; On                 ;
; Report Source Assignments                                                       ; On                 ; On                 ;
; Report Connectivity Checks                                                      ; On                 ; On                 ;
; Ignore Maximum Fan-Out Assignments                                              ; Off                ; Off                ;
; Synchronization Register Chain Length                                           ; 3                  ; 3                  ;
; Power Optimization During Synthesis                                             ; Normal compilation ; Normal compilation ;
; HDL message level                                                               ; Level2             ; Level2             ;
; Suppress Register Optimization Related Messages                                 ; Off                ; Off                ;
; Number of Removed Registers Reported in Synthesis Report                        ; 5000               ; 5000               ;
; Number of Swept Nodes Reported in Synthesis Report                              ; 5000               ; 5000               ;
; Number of Inverted Registers Reported in Synthesis Report                       ; 100                ; 100                ;
; Clock MUX Protection                                                            ; On                 ; On                 ;
; Auto Gated Clock Conversion                                                     ; Off                ; Off                ;
; Block Design Naming                                                             ; Auto               ; Auto               ;
; SDC constraint protection                                                       ; Off                ; Off                ;
; Synthesis Effort                                                                ; Auto               ; Auto               ;
; Shift Register Replacement - Allow Asynchronous Clear Signal                    ; On                 ; On                 ;
; Pre-Mapping Resynthesis Optimization                                            ; Off                ; Off                ;
; Analysis & Synthesis Message Level                                              ; Medium             ; Medium             ;
; Disable Register Merging Across Hierarchies                                     ; Auto               ; Auto               ;
; Resource Aware Inference For Block RAM                                          ; On                 ; On                 ;
; Automatic Parallel Synthesis                                                    ; On                 ; On                 ;
; Partial Reconfiguration Bitstream ID                                            ; Off                ; Off                ;
+---------------------------------------------------------------------------------+--------------------+--------------------+


+------------------------------------------+
; Parallel Compilation                     ;
+----------------------------+-------------+
; Processors                 ; Number      ;
+----------------------------+-------------+
; Number detected on machine ; 16          ;
; Maximum allowed            ; 16          ;
;                            ;             ;
; Average used               ; 1.00        ;
; Maximum used               ; 1           ;
;                            ;             ;
; Usage by Processor         ; % Time Used ;
;     Processor 1            ; 100.0%      ;
+----------------------------+-------------+


+--------------------------------------------------------------------------------------------------------------------------------------------------------------------------------+
; Analysis & Synthesis Source Files Read                                                                                                                                         ;
+----------------------------------+-----------------+------------------------------+----------------------------------------------------------------------------------+---------+
; File Name with User-Entered Path ; Used in Netlist ; File Type                    ; File Name with Absolute Path                                                     ; Library ;
+----------------------------------+-----------------+------------------------------+----------------------------------------------------------------------------------+---------+
; counter.sv                       ; yes             ; User SystemVerilog HDL File  ; /home/xujus/Documents/Spring2024/EEE333/Lab/Lab4/Lab_4_SV_HDL/counter.sv         ;         ;
; program_counter.sv               ; yes             ; User SystemVerilog HDL File  ; /home/xujus/Documents/Spring2024/EEE333/Lab/Lab4/Lab_4_SV_HDL/program_counter.sv ;         ;
; ALU.sv                           ; yes             ; User SystemVerilog HDL File  ; /home/xujus/Documents/Spring2024/EEE333/Lab/Lab4/Lab_4_SV_HDL/ALU.sv             ;         ;
; d_flipflop.sv                    ; yes             ; User SystemVerilog HDL File  ; /home/xujus/Documents/Spring2024/EEE333/Lab/Lab4/Lab_4_SV_HDL/d_flipflop.sv      ;         ;
; hexDisp.sv                       ; yes             ; User SystemVerilog HDL File  ; /home/xujus/Documents/Spring2024/EEE333/Lab/Lab4/Lab_4_SV_HDL/hexDisp.sv         ;         ;
; Lab4.sv                          ; yes             ; User SystemVerilog HDL File  ; /home/xujus/Documents/Spring2024/EEE333/Lab/Lab4/Lab_4_SV_HDL/Lab4.sv            ;         ;
; register_file.sv                 ; yes             ; User SystemVerilog HDL File  ; /home/xujus/Documents/Spring2024/EEE333/Lab/Lab4/Lab_4_SV_HDL/register_file.sv   ;         ;
+----------------------------------+-----------------+------------------------------+----------------------------------------------------------------------------------+---------+


+-----------------------------------------------------+
; Analysis & Synthesis Resource Usage Summary         ;
+---------------------------------------------+-------+
; Resource                                    ; Usage ;
+---------------------------------------------+-------+
; Estimate of Logic utilization (ALMs needed) ; 0     ;
;                                             ;       ;
; Combinational ALUT usage for logic          ; 0     ;
;     -- 7 input functions                    ; 0     ;
;     -- 6 input functions                    ; 0     ;
;     -- 5 input functions                    ; 0     ;
;     -- 4 input functions                    ; 0     ;
;     -- <=3 input functions                  ; 0     ;
;                                             ;       ;
; Dedicated logic registers                   ; 0     ;
;                                             ;       ;
; I/O pins                                    ; 46    ;
;                                             ;       ;
; Total DSP Blocks                            ; 0     ;
;                                             ;       ;
; Maximum fan-out node                        ; SW1   ;
; Maximum fan-out                             ; 1     ;
; Total fan-out                               ; 46    ;
; Average fan-out                             ; 0.50  ;
+---------------------------------------------+-------+


+----------------------------------------------------------------------------------------------------------------------------------------------------------------------------------------+
; Analysis & Synthesis Resource Utilization by Entity                                                                                                                                    ;
+----------------------------+---------------------+---------------------------+-------------------+------------+------+--------------+---------------------+-------------+--------------+
; Compilation Hierarchy Node ; Combinational ALUTs ; Dedicated Logic Registers ; Block Memory Bits ; DSP Blocks ; Pins ; Virtual Pins ; Full Hierarchy Name ; Entity Name ; Library Name ;
+----------------------------+---------------------+---------------------------+-------------------+------------+------+--------------+---------------------+-------------+--------------+
; |Lab4                      ; 0 (0)               ; 0 (0)                     ; 0                 ; 0          ; 46   ; 0            ; |Lab4               ; Lab4        ; work         ;
+----------------------------+---------------------+---------------------------+-------------------+------------+------+--------------+---------------------+-------------+--------------+
Note: For table entries with two numbers listed, the numbers in parentheses indicate the number of resources of the given type used by the specific entity alone. The numbers listed outside of parentheses indicate the total resources of the given type used by the specific entity and all of its sub-entities in the hierarchy.


+--------------------------------------------------------------------------------------------------------------------+
; Registers Removed During Synthesis                                                                                 ;
+-----------------------------------------------------+--------------------------------------------------------------+
; Register name                                       ; Reason for Removal                                           ;
+-----------------------------------------------------+--------------------------------------------------------------+
; register_file:reg_file|d_flipflop:register7|q[1..5] ; Merged with register_file:reg_file|d_flipflop:register7|q[0] ;
; register_file:reg_file|d_flipflop:register6|q[1..5] ; Merged with register_file:reg_file|d_flipflop:register6|q[0] ;
; register_file:reg_file|d_flipflop:register5|q[1..5] ; Merged with register_file:reg_file|d_flipflop:register5|q[0] ;
; register_file:reg_file|d_flipflop:register4|q[1..5] ; Merged with register_file:reg_file|d_flipflop:register4|q[0] ;
; register_file:reg_file|d_flipflop:register3|q[1..5] ; Merged with register_file:reg_file|d_flipflop:register3|q[0] ;
; register_file:reg_file|d_flipflop:register2|q[1..5] ; Merged with register_file:reg_file|d_flipflop:register2|q[0] ;
; register_file:reg_file|d_flipflop:register1|q[1..5] ; Merged with register_file:reg_file|d_flipflop:register1|q[0] ;
; register_file:reg_file|d_flipflop:register0|q[1..5] ; Merged with register_file:reg_file|d_flipflop:register0|q[0] ;
; register_file:reg_file|d_flipflop:register7|q[0]    ; Stuck at GND due to stuck port data_in                       ;
; register_file:reg_file|d_flipflop:register6|q[0]    ; Stuck at GND due to stuck port data_in                       ;
; register_file:reg_file|d_flipflop:register5|q[0]    ; Stuck at GND due to stuck port data_in                       ;
; register_file:reg_file|d_flipflop:register4|q[0]    ; Stuck at GND due to stuck port data_in                       ;
; register_file:reg_file|d_flipflop:register3|q[0]    ; Stuck at GND due to stuck port data_in                       ;
; register_file:reg_file|d_flipflop:register2|q[0]    ; Stuck at GND due to stuck port data_in                       ;
; register_file:reg_file|d_flipflop:register1|q[0]    ; Stuck at GND due to stuck port data_in                       ;
; register_file:reg_file|d_flipflop:register0|q[0]    ; Stuck at GND due to stuck port data_in                       ;
; counter:single_clock|d_flipflop:dff|q[0..22]        ; Lost fanout                                                  ;
; program_counter:PC|d_flipflop:myDff|q[0..5]         ; Stuck at GND due to stuck port data_in                       ;
; Total Number of Removed Registers = 77              ;                                                              ;
+-----------------------------------------------------+--------------------------------------------------------------+


+--------------------------------------------------------------------------------------------------------------------------------------------------------------------+
; Removed Registers Triggering Further Register Optimizations                                                                                                        ;
+--------------------------------------------------+---------------------------+-------------------------------------------------------------------------------------+
; Register name                                    ; Reason for Removal        ; Registers Removed due to This Register                                              ;
+--------------------------------------------------+---------------------------+-------------------------------------------------------------------------------------+
; counter:single_clock|d_flipflop:dff|q[22]        ; Lost Fanouts              ; counter:single_clock|d_flipflop:dff|q[21],                                          ;
;                                                  ;                           ; counter:single_clock|d_flipflop:dff|q[20],                                          ;
;                                                  ;                           ; counter:single_clock|d_flipflop:dff|q[19],                                          ;
;                                                  ;                           ; counter:single_clock|d_flipflop:dff|q[18],                                          ;
;                                                  ;                           ; counter:single_clock|d_flipflop:dff|q[17],                                          ;
;                                                  ;                           ; counter:single_clock|d_flipflop:dff|q[16],                                          ;
;                                                  ;                           ; counter:single_clock|d_flipflop:dff|q[15],                                          ;
;                                                  ;                           ; counter:single_clock|d_flipflop:dff|q[14],                                          ;
;                                                  ;                           ; counter:single_clock|d_flipflop:dff|q[13],                                          ;
;                                                  ;                           ; counter:single_clock|d_flipflop:dff|q[12],                                          ;
;                                                  ;                           ; counter:single_clock|d_flipflop:dff|q[11],                                          ;
;                                                  ;                           ; counter:single_clock|d_flipflop:dff|q[10],                                          ;
;                                                  ;                           ; counter:single_clock|d_flipflop:dff|q[9], counter:single_clock|d_flipflop:dff|q[8], ;
;                                                  ;                           ; counter:single_clock|d_flipflop:dff|q[7], counter:single_clock|d_flipflop:dff|q[6], ;
;                                                  ;                           ; counter:single_clock|d_flipflop:dff|q[5], counter:single_clock|d_flipflop:dff|q[4], ;
;                                                  ;                           ; counter:single_clock|d_flipflop:dff|q[3], counter:single_clock|d_flipflop:dff|q[2], ;
;                                                  ;                           ; counter:single_clock|d_flipflop:dff|q[1], counter:single_clock|d_flipflop:dff|q[0]  ;
; register_file:reg_file|d_flipflop:register7|q[0] ; Stuck at GND              ; program_counter:PC|d_flipflop:myDff|q[3], program_counter:PC|d_flipflop:myDff|q[4], ;
;                                                  ; due to stuck port data_in ; program_counter:PC|d_flipflop:myDff|q[5]                                            ;
+--------------------------------------------------+---------------------------+-------------------------------------------------------------------------------------+


+------------------------------------------------------+
; General Register Statistics                          ;
+----------------------------------------------+-------+
; Statistic                                    ; Value ;
+----------------------------------------------+-------+
; Total registers                              ; 0     ;
; Number of registers using Synchronous Clear  ; 0     ;
; Number of registers using Synchronous Load   ; 0     ;
; Number of registers using Asynchronous Clear ; 0     ;
; Number of registers using Asynchronous Load  ; 0     ;
; Number of registers using Clock Enable       ; 0     ;
; Number of registers using Preset             ; 0     ;
+----------------------------------------------+-------+


+------------------------------------------------------------------------------------------------------------------------------------------+
; Multiplexer Restructuring Statistics (Restructuring Performed)                                                                           ;
+--------------------+-----------+---------------+----------------------+------------------------+------------+----------------------------+
; Multiplexer Inputs ; Bus Width ; Baseline Area ; Area if Restructured ; Saving if Restructured ; Registered ; Example Multiplexer Output ;
+--------------------+-----------+---------------+----------------------+------------------------+------------+----------------------------+
; 8:1                ; 6 bits    ; 30 LEs        ; 12 LEs               ; 18 LEs                 ; No         ; |Lab4|Mux0                 ;
+--------------------+-----------+---------------+----------------------+------------------------+------------+----------------------------+


+-------------------------------------------------------------------+
; Parameter Settings for User Entity Instance: counter:single_clock ;
+----------------+---------+----------------------------------------+
; Parameter Name ; Value   ; Type                                   ;
+----------------+---------+----------------------------------------+
; m              ; 5000000 ; Signed Integer                         ;
; b              ; 23      ; Signed Integer                         ;
+----------------+---------+----------------------------------------+
Note: In order to hide this table in the UI and the text report file, please set the "Show Parameter Settings in Synthesis Report" option in "Analysis and Synthesis Settings -> More Settings" to "Off".


+----------------------------------------------------------------------------------+
; Parameter Settings for User Entity Instance: counter:single_clock|d_flipflop:dff ;
+----------------+-------+---------------------------------------------------------+
; Parameter Name ; Value ; Type                                                    ;
+----------------+-------+---------------------------------------------------------+
; size           ; 23    ; Signed Integer                                          ;
+----------------+-------+---------------------------------------------------------+
Note: In order to hide this table in the UI and the text report file, please set the "Show Parameter Settings in Synthesis Report" option in "Analysis and Synthesis Settings -> More Settings" to "Off".


+------------------------------------------------------------------------------------------+
; Parameter Settings for User Entity Instance: register_file:reg_file|d_flipflop:register0 ;
+----------------+-------+-----------------------------------------------------------------+
; Parameter Name ; Value ; Type                                                            ;
+----------------+-------+-----------------------------------------------------------------+
; size           ; 6     ; Signed Integer                                                  ;
+----------------+-------+-----------------------------------------------------------------+
Note: In order to hide this table in the UI and the text report file, please set the "Show Parameter Settings in Synthesis Report" option in "Analysis and Synthesis Settings -> More Settings" to "Off".


+------------------------------------------------------------------------------------------+
; Parameter Settings for User Entity Instance: register_file:reg_file|d_flipflop:register1 ;
+----------------+-------+-----------------------------------------------------------------+
; Parameter Name ; Value ; Type                                                            ;
+----------------+-------+-----------------------------------------------------------------+
; size           ; 6     ; Signed Integer                                                  ;
+----------------+-------+-----------------------------------------------------------------+
Note: In order to hide this table in the UI and the text report file, please set the "Show Parameter Settings in Synthesis Report" option in "Analysis and Synthesis Settings -> More Settings" to "Off".


+------------------------------------------------------------------------------------------+
; Parameter Settings for User Entity Instance: register_file:reg_file|d_flipflop:register2 ;
+----------------+-------+-----------------------------------------------------------------+
; Parameter Name ; Value ; Type                                                            ;
+----------------+-------+-----------------------------------------------------------------+
; size           ; 6     ; Signed Integer                                                  ;
+----------------+-------+-----------------------------------------------------------------+
Note: In order to hide this table in the UI and the text report file, please set the "Show Parameter Settings in Synthesis Report" option in "Analysis and Synthesis Settings -> More Settings" to "Off".


+------------------------------------------------------------------------------------------+
; Parameter Settings for User Entity Instance: register_file:reg_file|d_flipflop:register3 ;
+----------------+-------+-----------------------------------------------------------------+
; Parameter Name ; Value ; Type                                                            ;
+----------------+-------+-----------------------------------------------------------------+
; size           ; 6     ; Signed Integer                                                  ;
+----------------+-------+-----------------------------------------------------------------+
Note: In order to hide this table in the UI and the text report file, please set the "Show Parameter Settings in Synthesis Report" option in "Analysis and Synthesis Settings -> More Settings" to "Off".


+------------------------------------------------------------------------------------------+
; Parameter Settings for User Entity Instance: register_file:reg_file|d_flipflop:register4 ;
+----------------+-------+-----------------------------------------------------------------+
; Parameter Name ; Value ; Type                                                            ;
+----------------+-------+-----------------------------------------------------------------+
; size           ; 6     ; Signed Integer                                                  ;
+----------------+-------+-----------------------------------------------------------------+
Note: In order to hide this table in the UI and the text report file, please set the "Show Parameter Settings in Synthesis Report" option in "Analysis and Synthesis Settings -> More Settings" to "Off".


+------------------------------------------------------------------------------------------+
; Parameter Settings for User Entity Instance: register_file:reg_file|d_flipflop:register5 ;
+----------------+-------+-----------------------------------------------------------------+
; Parameter Name ; Value ; Type                                                            ;
+----------------+-------+-----------------------------------------------------------------+
; size           ; 6     ; Signed Integer                                                  ;
+----------------+-------+-----------------------------------------------------------------+
Note: In order to hide this table in the UI and the text report file, please set the "Show Parameter Settings in Synthesis Report" option in "Analysis and Synthesis Settings -> More Settings" to "Off".


+------------------------------------------------------------------------------------------+
; Parameter Settings for User Entity Instance: register_file:reg_file|d_flipflop:register6 ;
+----------------+-------+-----------------------------------------------------------------+
; Parameter Name ; Value ; Type                                                            ;
+----------------+-------+-----------------------------------------------------------------+
; size           ; 6     ; Signed Integer                                                  ;
+----------------+-------+-----------------------------------------------------------------+
Note: In order to hide this table in the UI and the text report file, please set the "Show Parameter Settings in Synthesis Report" option in "Analysis and Synthesis Settings -> More Settings" to "Off".


+------------------------------------------------------------------------------------------+
; Parameter Settings for User Entity Instance: register_file:reg_file|d_flipflop:register7 ;
+----------------+-------+-----------------------------------------------------------------+
; Parameter Name ; Value ; Type                                                            ;
+----------------+-------+-----------------------------------------------------------------+
; size           ; 6     ; Signed Integer                                                  ;
+----------------+-------+-----------------------------------------------------------------+
Note: In order to hide this table in the UI and the text report file, please set the "Show Parameter Settings in Synthesis Report" option in "Analysis and Synthesis Settings -> More Settings" to "Off".


+----------------------------------------------------------------------------------+
; Parameter Settings for User Entity Instance: program_counter:PC|d_flipflop:myDff ;
+----------------+-------+---------------------------------------------------------+
; Parameter Name ; Value ; Type                                                    ;
+----------------+-------+---------------------------------------------------------+
; size           ; 6     ; Signed Integer                                          ;
+----------------+-------+---------------------------------------------------------+
Note: In order to hide this table in the UI and the text report file, please set the "Show Parameter Settings in Synthesis Report" option in "Analysis and Synthesis Settings -> More Settings" to "Off".


+-----------------------------------------------------------------------------------------------------------------------------------------------------------------------+
; Port Connectivity Checks: "hexDisp:hex_display3"                                                                                                                      ;
+------+--------+----------+--------------------------------------------------------------------------------------------------------------------------------------------+
; Port ; Type   ; Severity ; Details                                                                                                                                    ;
+------+--------+----------+--------------------------------------------------------------------------------------------------------------------------------------------+
; sw   ; Input  ; Warning  ; Input port expression (3 bits) is smaller than the input port (4 bits) it drives.  Extra input bit(s) "sw[3..3]" will be connected to GND. ;
; hex  ; Output ; Warning  ; Output or bidir port (7 bits) is wider than the port expression (4 bits) it drives; bit(s) "hex[6..4]" have no fanouts                     ;
+------+--------+----------+--------------------------------------------------------------------------------------------------------------------------------------------+


+-----------------------------------------------------------------------------------------------------------------------------------------------------------------------+
; Port Connectivity Checks: "hexDisp:hex_display2"                                                                                                                      ;
+------+--------+----------+--------------------------------------------------------------------------------------------------------------------------------------------+
; Port ; Type   ; Severity ; Details                                                                                                                                    ;
+------+--------+----------+--------------------------------------------------------------------------------------------------------------------------------------------+
; sw   ; Input  ; Warning  ; Input port expression (3 bits) is smaller than the input port (4 bits) it drives.  Extra input bit(s) "sw[3..3]" will be connected to GND. ;
; hex  ; Output ; Warning  ; Output or bidir port (7 bits) is wider than the port expression (4 bits) it drives; bit(s) "hex[6..4]" have no fanouts                     ;
+------+--------+----------+--------------------------------------------------------------------------------------------------------------------------------------------+


+-----------------------------------------------------------------------------------------------------------------------------------------------------------------------+
; Port Connectivity Checks: "hexDisp:hex_display1"                                                                                                                      ;
+------+--------+----------+--------------------------------------------------------------------------------------------------------------------------------------------+
; Port ; Type   ; Severity ; Details                                                                                                                                    ;
+------+--------+----------+--------------------------------------------------------------------------------------------------------------------------------------------+
; sw   ; Input  ; Warning  ; Input port expression (3 bits) is smaller than the input port (4 bits) it drives.  Extra input bit(s) "sw[3..3]" will be connected to GND. ;
; hex  ; Output ; Warning  ; Output or bidir port (7 bits) is wider than the port expression (4 bits) it drives; bit(s) "hex[6..4]" have no fanouts                     ;
+------+--------+----------+--------------------------------------------------------------------------------------------------------------------------------------------+


+-----------------------------------------------------------------------------------------------------------------------------------------------------------------------+
; Port Connectivity Checks: "hexDisp:hex_display0"                                                                                                                      ;
+------+--------+----------+--------------------------------------------------------------------------------------------------------------------------------------------+
; Port ; Type   ; Severity ; Details                                                                                                                                    ;
+------+--------+----------+--------------------------------------------------------------------------------------------------------------------------------------------+
; sw   ; Input  ; Warning  ; Input port expression (3 bits) is smaller than the input port (4 bits) it drives.  Extra input bit(s) "sw[3..3]" will be connected to GND. ;
; hex  ; Output ; Warning  ; Output or bidir port (7 bits) is wider than the port expression (4 bits) it drives; bit(s) "hex[6..4]" have no fanouts                     ;
+------+--------+----------+--------------------------------------------------------------------------------------------------------------------------------------------+


+-------------------------------------------------------------------------------------------------------------------------------------------------------------------------------------------------------------+
; Port Connectivity Checks: "program_counter:PC|d_flipflop:myDff"                                                                                                                                             ;
+------+--------+----------+----------------------------------------------------------------------------------------------------------------------------------------------------------------------------------+
; Port ; Type   ; Severity ; Details                                                                                                                                                                          ;
+------+--------+----------+----------------------------------------------------------------------------------------------------------------------------------------------------------------------------------+
; d    ; Input  ; Warning  ; Input port expression (7 bits) is wider than the input port (6 bits) it drives.  The 1 most-significant bit(s) in the expression will be dangling if they have no other fanouts. ;
; q    ; Output ; Warning  ; Output or bidir port (6 bits) is smaller than the port expression (64 bits) it drives.  The 58 most-significant bit(s) in the port expression will be connected to GND.          ;
+------+--------+----------+----------------------------------------------------------------------------------------------------------------------------------------------------------------------------------+


+------------------------------------------------------------------------------------------------------------------------------------------------------------+
; Port Connectivity Checks: "program_counter:PC"                                                                                                             ;
+---------+--------+----------+------------------------------------------------------------------------------------------------------------------------------+
; Port    ; Type   ; Severity ; Details                                                                                                                      ;
+---------+--------+----------+------------------------------------------------------------------------------------------------------------------------------+
; address ; Output ; Warning  ; Output or bidir port (64 bits) is wider than the port expression (6 bits) it drives; bit(s) "address[63..6]" have no fanouts ;
+---------+--------+----------+------------------------------------------------------------------------------------------------------------------------------+


+----------------------------------------------------------------------------------------------------------------+
; Port Connectivity Checks: "register_file:reg_file"                                                             ;
+------+--------+----------+-------------------------------------------------------------------------------------+
; Port ; Type   ; Severity ; Details                                                                             ;
+------+--------+----------+-------------------------------------------------------------------------------------+
; Z    ; Output ; Info     ; Connected to dangling logic. Logic that only feeds a dangling port will be removed. ;
+------+--------+----------+-------------------------------------------------------------------------------------+


+-----------------------------------------------------------------+
; Port Connectivity Checks: "counter:single_clock|d_flipflop:dff" ;
+------+-------+----------+---------------------------------------+
; Port ; Type  ; Severity ; Details                               ;
+------+-------+----------+---------------------------------------+
; en   ; Input ; Info     ; Stuck at VCC                          ;
+------+-------+----------+---------------------------------------+


+----------------------------------------------------------------------------------------------------------------------------------------------------------------------------------------------------+
; Port Connectivity Checks: "counter:single_clock"                                                                                                                                                   ;
+------+--------+----------+-------------------------------------------------------------------------------------------------------------------------------------------------------------------------+
; Port ; Type   ; Severity ; Details                                                                                                                                                                 ;
+------+--------+----------+-------------------------------------------------------------------------------------------------------------------------------------------------------------------------+
; inc  ; Input  ; Info     ; Stuck at VCC                                                                                                                                                            ;
; dec  ; Input  ; Info     ; Stuck at GND                                                                                                                                                            ;
; cnt  ; Output ; Warning  ; Output or bidir port (23 bits) is smaller than the port expression (26 bits) it drives.  The 3 most-significant bit(s) in the port expression will be connected to GND. ;
+------+--------+----------+-------------------------------------------------------------------------------------------------------------------------------------------------------------------------+


+-----------------------------------------------------+
; Post-Synthesis Netlist Statistics for Top Partition ;
+-----------------------+-----------------------------+
; Type                  ; Count                       ;
+-----------------------+-----------------------------+
; arriav_lcell_comb     ; 1                           ;
;     normal            ; 1                           ;
;         0 data inputs ; 1                           ;
; boundary_port         ; 46                          ;
;                       ;                             ;
; Max LUT depth         ; 0.00                        ;
; Average LUT depth     ; 0.00                        ;
+-----------------------+-----------------------------+


+-------------------------------+
; Elapsed Time Per Partition    ;
+----------------+--------------+
; Partition Name ; Elapsed Time ;
+----------------+--------------+
; Top            ; 00:00:00     ;
+----------------+--------------+


+-------------------------------+
; Analysis & Synthesis Messages ;
+-------------------------------+
Info: *******************************************************************
Info: Running Quartus Prime Analysis & Synthesis
    Info: Version 23.1std.0 Build 991 11/28/2023 SC Lite Edition
    Info: Processing started: Tue Mar  5 23:50:04 2024
Info: Command: quartus_map --read_settings_files=on --write_settings_files=off Lab4 -c Lab4
Warning (18236): Number of processors has not been specified which may cause overloading on shared machines.  Set the global assignment NUM_PARALLEL_PROCESSORS in your QSF to an appropriate value for best performance.
Info (20030): Parallel compilation is enabled and will use 16 of the 16 processors detected
Info (12021): Found 1 design units, including 1 entities, in source file counter.sv
    Info (12023): Found entity 1: counter File: /home/xujus/Documents/Spring2024/EEE333/Lab/Lab4/Lab_4_SV_HDL/counter.sv Line: 3
Info (12021): Found 1 design units, including 1 entities, in source file program_counter.sv
    Info (12023): Found entity 1: program_counter File: /home/xujus/Documents/Spring2024/EEE333/Lab/Lab4/Lab_4_SV_HDL/program_counter.sv Line: 2
Info (12021): Found 1 design units, including 1 entities, in source file ALU.sv
    Info (12023): Found entity 1: ALU File: /home/xujus/Documents/Spring2024/EEE333/Lab/Lab4/Lab_4_SV_HDL/ALU.sv Line: 11
Info (12021): Found 1 design units, including 1 entities, in source file d_flipflop.sv
    Info (12023): Found entity 1: d_flipflop File: /home/xujus/Documents/Spring2024/EEE333/Lab/Lab4/Lab_4_SV_HDL/d_flipflop.sv Line: 1
Info (12021): Found 1 design units, including 1 entities, in source file hexDisp.sv
    Info (12023): Found entity 1: hexDisp File: /home/xujus/Documents/Spring2024/EEE333/Lab/Lab4/Lab_4_SV_HDL/hexDisp.sv Line: 1
Info (12021): Found 1 design units, including 1 entities, in source file Lab4.sv
    Info (12023): Found entity 1: Lab4 File: /home/xujus/Documents/Spring2024/EEE333/Lab/Lab4/Lab_4_SV_HDL/Lab4.sv Line: 13
Info (12021): Found 1 design units, including 1 entities, in source file register_file.sv
    Info (12023): Found entity 1: register_file File: /home/xujus/Documents/Spring2024/EEE333/Lab/Lab4/Lab_4_SV_HDL/register_file.sv Line: 17
Info (12127): Elaborating entity "Lab4" for the top level hierarchy
Warning (10036): Verilog HDL or VHDL warning at Lab4.sv(39): object "registers" assigned a value but never read File: /home/xujus/Documents/Spring2024/EEE333/Lab/Lab4/Lab_4_SV_HDL/Lab4.sv Line: 39
Warning (10858): Verilog HDL warning at Lab4.sv(44): object mem used but never assigned File: /home/xujus/Documents/Spring2024/EEE333/Lab/Lab4/Lab_4_SV_HDL/Lab4.sv Line: 44
Warning (10034): Output port "HEX[6..4]" at Lab4.sv(26) has no driver File: /home/xujus/Documents/Spring2024/EEE333/Lab/Lab4/Lab_4_SV_HDL/Lab4.sv Line: 26
Info (12128): Elaborating entity "counter" for hierarchy "counter:single_clock" File: /home/xujus/Documents/Spring2024/EEE333/Lab/Lab4/Lab_4_SV_HDL/Lab4.sv Line: 86
Warning (10230): Verilog HDL assignment warning at counter.sv(30): truncated value with size 32 to match size of target (23) File: /home/xujus/Documents/Spring2024/EEE333/Lab/Lab4/Lab_4_SV_HDL/counter.sv Line: 30
Warning (10230): Verilog HDL assignment warning at counter.sv(31): truncated value with size 32 to match size of target (23) File: /home/xujus/Documents/Spring2024/EEE333/Lab/Lab4/Lab_4_SV_HDL/counter.sv Line: 31
Info (10264): Verilog HDL Case Statement information at counter.sv(29): all case item expressions in this case statement are onehot File: /home/xujus/Documents/Spring2024/EEE333/Lab/Lab4/Lab_4_SV_HDL/counter.sv Line: 29
Info (12128): Elaborating entity "d_flipflop" for hierarchy "counter:single_clock|d_flipflop:dff" File: /home/xujus/Documents/Spring2024/EEE333/Lab/Lab4/Lab_4_SV_HDL/counter.sv Line: 26
Info (12128): Elaborating entity "register_file" for hierarchy "register_file:reg_file" File: /home/xujus/Documents/Spring2024/EEE333/Lab/Lab4/Lab_4_SV_HDL/Lab4.sv Line: 100
Warning (10036): Verilog HDL or VHDL warning at register_file.sv(31): object "enable" assigned a value but never read File: /home/xujus/Documents/Spring2024/EEE333/Lab/Lab4/Lab_4_SV_HDL/register_file.sv Line: 31
Info (12128): Elaborating entity "d_flipflop" for hierarchy "register_file:reg_file|d_flipflop:register0" File: /home/xujus/Documents/Spring2024/EEE333/Lab/Lab4/Lab_4_SV_HDL/register_file.sv Line: 87
Info (12128): Elaborating entity "ALU" for hierarchy "ALU:ALU_unit" File: /home/xujus/Documents/Spring2024/EEE333/Lab/Lab4/Lab_4_SV_HDL/Lab4.sv Line: 112
Info (12128): Elaborating entity "program_counter" for hierarchy "program_counter:PC" File: /home/xujus/Documents/Spring2024/EEE333/Lab/Lab4/Lab_4_SV_HDL/Lab4.sv Line: 122
Warning (10230): Verilog HDL assignment warning at program_counter.sv(17): truncated value with size 64 to match size of target (7) File: /home/xujus/Documents/Spring2024/EEE333/Lab/Lab4/Lab_4_SV_HDL/program_counter.sv Line: 17
Info (12128): Elaborating entity "hexDisp" for hierarchy "hexDisp:hex_display0" File: /home/xujus/Documents/Spring2024/EEE333/Lab/Lab4/Lab_4_SV_HDL/Lab4.sv Line: 128
Warning (12011): Net is missing source, defaulting to GND
    Warning (12110): Net "register_file:reg_file|d[5]" is missing source, defaulting to GND File: /home/xujus/Documents/Spring2024/EEE333/Lab/Lab4/Lab_4_SV_HDL/register_file.sv Line: 32
    Warning (12110): Net "register_file:reg_file|d[4]" is missing source, defaulting to GND File: /home/xujus/Documents/Spring2024/EEE333/Lab/Lab4/Lab_4_SV_HDL/register_file.sv Line: 32
    Warning (12110): Net "register_file:reg_file|d[3]" is missing source, defaulting to GND File: /home/xujus/Documents/Spring2024/EEE333/Lab/Lab4/Lab_4_SV_HDL/register_file.sv Line: 32
    Warning (12110): Net "register_file:reg_file|d[2]" is missing source, defaulting to GND File: /home/xujus/Documents/Spring2024/EEE333/Lab/Lab4/Lab_4_SV_HDL/register_file.sv Line: 32
    Warning (12110): Net "register_file:reg_file|d[1]" is missing source, defaulting to GND File: /home/xujus/Documents/Spring2024/EEE333/Lab/Lab4/Lab_4_SV_HDL/register_file.sv Line: 32
    Warning (12110): Net "register_file:reg_file|d[0]" is missing source, defaulting to GND File: /home/xujus/Documents/Spring2024/EEE333/Lab/Lab4/Lab_4_SV_HDL/register_file.sv Line: 32
Info (276014): Found 1 instances of uninferred RAM logic
    Info (276004): RAM logic "mem" is uninferred due to inappropriate RAM size File: /home/xujus/Documents/Spring2024/EEE333/Lab/Lab4/Lab_4_SV_HDL/Lab4.sv Line: 44
Warning (12241): 7 hierarchies have connectivity warnings - see the Connectivity Checks report folder
Warning (13024): Output pins are stuck at VCC or GND
    Warning (13410): Pin "LED[0]" is stuck at GND File: /home/xujus/Documents/Spring2024/EEE333/Lab/Lab4/Lab_4_SV_HDL/Lab4.sv Line: 24
    Warning (13410): Pin "LED[1]" is stuck at GND File: /home/xujus/Documents/Spring2024/EEE333/Lab/Lab4/Lab_4_SV_HDL/Lab4.sv Line: 24
    Warning (13410): Pin "LED[2]" is stuck at GND File: /home/xujus/Documents/Spring2024/EEE333/Lab/Lab4/Lab_4_SV_HDL/Lab4.sv Line: 24
    Warning (13410): Pin "LED[3]" is stuck at GND File: /home/xujus/Documents/Spring2024/EEE333/Lab/Lab4/Lab_4_SV_HDL/Lab4.sv Line: 24
    Warning (13410): Pin "LED[4]" is stuck at GND File: /home/xujus/Documents/Spring2024/EEE333/Lab/Lab4/Lab_4_SV_HDL/Lab4.sv Line: 24
    Warning (13410): Pin "LED[5]" is stuck at GND File: /home/xujus/Documents/Spring2024/EEE333/Lab/Lab4/Lab_4_SV_HDL/Lab4.sv Line: 24
    Warning (13410): Pin "LED[6]" is stuck at GND File: /home/xujus/Documents/Spring2024/EEE333/Lab/Lab4/Lab_4_SV_HDL/Lab4.sv Line: 24
    Warning (13410): Pin "LED[7]" is stuck at GND File: /home/xujus/Documents/Spring2024/EEE333/Lab/Lab4/Lab_4_SV_HDL/Lab4.sv Line: 24
    Warning (13410): Pin "HEX[0][0]" is stuck at GND File: /home/xujus/Documents/Spring2024/EEE333/Lab/Lab4/Lab_4_SV_HDL/Lab4.sv Line: 26
    Warning (13410): Pin "HEX[0][1]" is stuck at GND File: /home/xujus/Documents/Spring2024/EEE333/Lab/Lab4/Lab_4_SV_HDL/Lab4.sv Line: 26
    Warning (13410): Pin "HEX[0][2]" is stuck at GND File: /home/xujus/Documents/Spring2024/EEE333/Lab/Lab4/Lab_4_SV_HDL/Lab4.sv Line: 26
    Warning (13410): Pin "HEX[0][3]" is stuck at GND File: /home/xujus/Documents/Spring2024/EEE333/Lab/Lab4/Lab_4_SV_HDL/Lab4.sv Line: 26
    Warning (13410): Pin "HEX[1][0]" is stuck at GND File: /home/xujus/Documents/Spring2024/EEE333/Lab/Lab4/Lab_4_SV_HDL/Lab4.sv Line: 26
    Warning (13410): Pin "HEX[1][1]" is stuck at GND File: /home/xujus/Documents/Spring2024/EEE333/Lab/Lab4/Lab_4_SV_HDL/Lab4.sv Line: 26
    Warning (13410): Pin "HEX[1][2]" is stuck at GND File: /home/xujus/Documents/Spring2024/EEE333/Lab/Lab4/Lab_4_SV_HDL/Lab4.sv Line: 26
    Warning (13410): Pin "HEX[1][3]" is stuck at GND File: /home/xujus/Documents/Spring2024/EEE333/Lab/Lab4/Lab_4_SV_HDL/Lab4.sv Line: 26
    Warning (13410): Pin "HEX[2][0]" is stuck at GND File: /home/xujus/Documents/Spring2024/EEE333/Lab/Lab4/Lab_4_SV_HDL/Lab4.sv Line: 26
    Warning (13410): Pin "HEX[2][1]" is stuck at GND File: /home/xujus/Documents/Spring2024/EEE333/Lab/Lab4/Lab_4_SV_HDL/Lab4.sv Line: 26
    Warning (13410): Pin "HEX[2][2]" is stuck at GND File: /home/xujus/Documents/Spring2024/EEE333/Lab/Lab4/Lab_4_SV_HDL/Lab4.sv Line: 26
    Warning (13410): Pin "HEX[2][3]" is stuck at GND File: /home/xujus/Documents/Spring2024/EEE333/Lab/Lab4/Lab_4_SV_HDL/Lab4.sv Line: 26
    Warning (13410): Pin "HEX[3][0]" is stuck at GND File: /home/xujus/Documents/Spring2024/EEE333/Lab/Lab4/Lab_4_SV_HDL/Lab4.sv Line: 26
    Warning (13410): Pin "HEX[3][1]" is stuck at GND File: /home/xujus/Documents/Spring2024/EEE333/Lab/Lab4/Lab_4_SV_HDL/Lab4.sv Line: 26
    Warning (13410): Pin "HEX[3][2]" is stuck at GND File: /home/xujus/Documents/Spring2024/EEE333/Lab/Lab4/Lab_4_SV_HDL/Lab4.sv Line: 26
    Warning (13410): Pin "HEX[3][3]" is stuck at GND File: /home/xujus/Documents/Spring2024/EEE333/Lab/Lab4/Lab_4_SV_HDL/Lab4.sv Line: 26
    Warning (13410): Pin "HEX[4][0]" is stuck at GND File: /home/xujus/Documents/Spring2024/EEE333/Lab/Lab4/Lab_4_SV_HDL/Lab4.sv Line: 26
    Warning (13410): Pin "HEX[4][1]" is stuck at GND File: /home/xujus/Documents/Spring2024/EEE333/Lab/Lab4/Lab_4_SV_HDL/Lab4.sv Line: 26
    Warning (13410): Pin "HEX[4][2]" is stuck at GND File: /home/xujus/Documents/Spring2024/EEE333/Lab/Lab4/Lab_4_SV_HDL/Lab4.sv Line: 26
    Warning (13410): Pin "HEX[4][3]" is stuck at GND File: /home/xujus/Documents/Spring2024/EEE333/Lab/Lab4/Lab_4_SV_HDL/Lab4.sv Line: 26
    Warning (13410): Pin "HEX[5][0]" is stuck at GND File: /home/xujus/Documents/Spring2024/EEE333/Lab/Lab4/Lab_4_SV_HDL/Lab4.sv Line: 26
    Warning (13410): Pin "HEX[5][1]" is stuck at GND File: /home/xujus/Documents/Spring2024/EEE333/Lab/Lab4/Lab_4_SV_HDL/Lab4.sv Line: 26
    Warning (13410): Pin "HEX[5][2]" is stuck at GND File: /home/xujus/Documents/Spring2024/EEE333/Lab/Lab4/Lab_4_SV_HDL/Lab4.sv Line: 26
    Warning (13410): Pin "HEX[5][3]" is stuck at GND File: /home/xujus/Documents/Spring2024/EEE333/Lab/Lab4/Lab_4_SV_HDL/Lab4.sv Line: 26
    Warning (13410): Pin "HEX[6][0]" is stuck at GND File: /home/xujus/Documents/Spring2024/EEE333/Lab/Lab4/Lab_4_SV_HDL/Lab4.sv Line: 26
    Warning (13410): Pin "HEX[6][1]" is stuck at GND File: /home/xujus/Documents/Spring2024/EEE333/Lab/Lab4/Lab_4_SV_HDL/Lab4.sv Line: 26
    Warning (13410): Pin "HEX[6][2]" is stuck at GND File: /home/xujus/Documents/Spring2024/EEE333/Lab/Lab4/Lab_4_SV_HDL/Lab4.sv Line: 26
    Warning (13410): Pin "HEX[6][3]" is stuck at GND File: /home/xujus/Documents/Spring2024/EEE333/Lab/Lab4/Lab_4_SV_HDL/Lab4.sv Line: 26
Info (17049): 23 registers lost all their fanouts during netlist optimizations.
Info (16010): Generating hard_block partition "hard_block:auto_generated_inst"
    Info (16011): Adding 0 node(s), including 0 DDIO, 0 PLL, 0 transceiver and 0 LCELL
Warning (21074): Design contains 10 input pin(s) that do not drive logic
    Warning (15610): No output dependent on input pin "SW1" File: /home/xujus/Documents/Spring2024/EEE333/Lab/Lab4/Lab_4_SV_HDL/Lab4.sv Line: 16
    Warning (15610): No output dependent on input pin "SW5" File: /home/xujus/Documents/Spring2024/EEE333/Lab/Lab4/Lab_4_SV_HDL/Lab4.sv Line: 20
    Warning (15610): No output dependent on input pin "SW6" File: /home/xujus/Documents/Spring2024/EEE333/Lab/Lab4/Lab_4_SV_HDL/Lab4.sv Line: 21
    Warning (15610): No output dependent on input pin "SW7" File: /home/xujus/Documents/Spring2024/EEE333/Lab/Lab4/Lab_4_SV_HDL/Lab4.sv Line: 22
    Warning (15610): No output dependent on input pin "KEY0" File: /home/xujus/Documents/Spring2024/EEE333/Lab/Lab4/Lab_4_SV_HDL/Lab4.sv Line: 23
    Warning (15610): No output dependent on input pin "SW3" File: /home/xujus/Documents/Spring2024/EEE333/Lab/Lab4/Lab_4_SV_HDL/Lab4.sv Line: 18
    Warning (15610): No output dependent on input pin "SW4" File: /home/xujus/Documents/Spring2024/EEE333/Lab/Lab4/Lab_4_SV_HDL/Lab4.sv Line: 19
    Warning (15610): No output dependent on input pin "SW2" File: /home/xujus/Documents/Spring2024/EEE333/Lab/Lab4/Lab_4_SV_HDL/Lab4.sv Line: 17
    Warning (15610): No output dependent on input pin "SW0" File: /home/xujus/Documents/Spring2024/EEE333/Lab/Lab4/Lab_4_SV_HDL/Lab4.sv Line: 15
    Warning (15610): No output dependent on input pin "clk" File: /home/xujus/Documents/Spring2024/EEE333/Lab/Lab4/Lab_4_SV_HDL/Lab4.sv Line: 14
Info (21057): Implemented 46 device resources after synthesis - the final resource count might be different
    Info (21058): Implemented 10 input pins
    Info (21059): Implemented 36 output pins
Info: Quartus Prime Analysis & Synthesis was successful. 0 errors, 64 warnings
    Info: Peak virtual memory: 419 megabytes
    Info: Processing ended: Tue Mar  5 23:50:11 2024
    Info: Elapsed time: 00:00:07
    Info: Total CPU time (on all processors): 00:00:22


